<?xml version="1.0" encoding="UTF-8" ?>
<testsuites>
 <testsuite name="Demo EMI page" timestamp="2018-07-11T16:00:44" hostname="localhost" time="14.985" errors="0" tests="1" skipped="0" failures="0">
  <testcase classname="Demo EMI page" name="should have title " time="14.985">
  </testcase>
 </testsuite>
</testsuites>